[00:10:09] [main/INFO] (FabricLoader/GameProvider) Loading Minecraft 1.19.3 with Fabric Loader 0.14.13
[00:10:10] [main/INFO] (FabricLoader) Loading 47 mods:
	- buffet 1.0.0
	- devlogin 3.1
	- fabric-api 0.72.0+1.19.3
	- fabric-api-base 0.4.20+afca2f3e85
	- fabric-api-lookup-api-v1 1.6.19+49abcf7e85
	- fabric-biome-api-v1 12.1.0+b5d379b085
	- fabric-block-api-v1 1.0.4+e022e5d185
	- fabric-blockrenderlayer-v1 1.1.29+c6af733c85
	- fabric-client-tags-api-v1 1.0.11+1134c5b885
	- fabric-command-api-v2 2.2.0+3fc4752e85
	- fabric-content-registries-v0 3.5.0+1d37d50285
	- fabric-convention-tags-v1 1.2.1+8e4e694f85
	- fabric-crash-report-info-v1 0.2.13+aeb40ebe85
	- fabric-data-generation-api-v1 11.1.4+1134c5b885
	- fabric-dimensions-v1 2.1.40+48349a3f85
	- fabric-entity-events-v1 1.5.6+b83334a085
	- fabric-events-interaction-v0 0.4.39+3baeb27a85
	- fabric-game-rule-api-v1 1.0.29+99f9db8085
	- fabric-gametest-api-v1 1.1.16+1134c5b885
	- fabric-item-api-v1 2.1.8+1134c5b885
	- fabric-item-group-api-v1 2.1.11+1134c5b885
	- fabric-key-binding-api-v1 1.0.30+bc01e09785
	- fabric-lifecycle-events-v1 2.2.9+23a79c8a85
	- fabric-loot-api-v2 1.1.19+75e9821185
	- fabric-message-api-v1 5.0.13+6ede1da985
	- fabric-mining-level-api-v1 2.1.30+49abcf7e85
	- fabric-models-v0 0.3.26+11ba9c3b85
	- fabric-networking-api-v1 1.2.16+4017a8cb85
	- fabric-object-builder-api-v1 5.3.0+85f102ee85
	- fabric-particles-v1 1.0.19+f1e4495b85
	- fabric-recipe-api-v1 1.0.0+5176f73d85
	- fabric-registry-sync-v0 2.0.4+1134c5b885
	- fabric-renderer-api-v1 2.2.0+9f179aa185
	- fabric-renderer-indigo 0.7.0+9f179aa185
	- fabric-rendering-data-attachment-v1 0.3.24+afca2f3e85
	- fabric-rendering-fluids-v1 3.0.17+f1e4495b85
	- fabric-rendering-v1 1.12.0+6dc0edd785
	- fabric-resource-conditions-api-v1 2.2.2+1134c5b885
	- fabric-resource-loader-v0 0.10.4+a91e48b785
	- fabric-screen-api-v1 1.0.40+f1e4495b85
	- fabric-screen-handler-api-v1 1.3.12+99f9db8085
	- fabric-sound-api-v1 1.0.7+75e9821185
	- fabric-transfer-api-v1 2.1.14+ccd377ba85
	- fabric-transitive-access-wideners-v1 2.3.0+5b9a588b85
	- fabricloader 0.14.13
	- java 17
	- minecraft 1.19.3
[00:10:10] [main/INFO] (FabricLoader/Mixin) SpongePowered MIXIN Subsystem Version=0.8.5 Source=file:/C:/Users/Isaac/.gradle/caches/modules-2/files-2.1/net.fabricmc/sponge-mixin/0.11.4+mixin.0.8.5/c1dc27696aa4006e492c2485c9ccbcb26045a971/sponge-mixin-0.11.4+mixin.0.8.5.jar Service=Knot/Fabric Env=CLIENT
[00:10:10] [main/INFO] (FabricLoader/Mixin) Loaded Fabric development mappings for mixin remapper!
[00:10:10] [main/INFO] (FabricLoader/Mixin) Compatibility level set to JAVA_16
[00:10:10] [main/INFO] (FabricLoader/Mixin) Compatibility level set to JAVA_17
[00:10:11] [main/INFO] (DevLogin) Mimicking player IzukiKa
[00:10:15] [main/INFO] (Minecraft) Building optimized datafixer
[00:10:18] [Render thread/INFO] (Minecraft) Environment: authHost='https://authserver.mojang.com', accountsHost='https://api.mojang.com', sessionHost='https://sessionserver.mojang.com', servicesHost='https://api.minecraftservices.com', name='PROD'
[00:10:19] [Render thread/ERROR] (Minecraft) Failed to verify authentication
com.mojang.authlib.exceptions.InvalidCredentialsException: Status: 401
	at com.mojang.authlib.exceptions.MinecraftClientHttpException.toAuthenticationException(MinecraftClientHttpException.java:56) ~[authlib-3.16.29.jar:?]
	at com.mojang.authlib.yggdrasil.YggdrasilUserApiService.fetchProperties(YggdrasilUserApiService.java:156) ~[authlib-3.16.29.jar:?]
	at com.mojang.authlib.yggdrasil.YggdrasilUserApiService.<init>(YggdrasilUserApiService.java:55) ~[authlib-3.16.29.jar:?]
	at com.mojang.authlib.yggdrasil.YggdrasilAuthenticationService.createUserApiService(YggdrasilAuthenticationService.java:161) ~[authlib-3.16.29.jar:?]
	at net.minecraft.client.MinecraftClient.createUserApiService(MinecraftClient.java:724) ~[minecraft-project-@-merged-named.jar:?]
	at net.minecraft.client.MinecraftClient.<init>(MinecraftClient.java:437) ~[minecraft-project-@-merged-named.jar:?]
	at net.minecraft.client.main.Main.main(Main.java:205) ~[minecraft-project-@-merged-named.jar:?]
	at net.minecraft.client.main.Main.main(Main.java:51) ~[minecraft-project-@-merged-named.jar:?]
	at net.fabricmc.loader.impl.game.minecraft.MinecraftGameProvider.launch(MinecraftGameProvider.java:461) ~[fabric-loader-0.14.13.jar:?]
	at net.fabricmc.loader.impl.launch.knot.Knot.launch(Knot.java:74) ~[fabric-loader-0.14.13.jar:?]
	at net.fabricmc.loader.impl.launch.knot.KnotClient.main(KnotClient.java:23) ~[fabric-loader-0.14.13.jar:?]
	at net.fabricmc.devlaunchinjector.Main.main(Main.java:86) ~[dev-launch-injector-0.2.1+build.8.jar:?]
Caused by: com.mojang.authlib.exceptions.MinecraftClientHttpException: Status: 401
	at com.mojang.authlib.minecraft.client.MinecraftClient.readInputStream(MinecraftClient.java:87) ~[authlib-3.16.29.jar:?]
	at com.mojang.authlib.minecraft.client.MinecraftClient.get(MinecraftClient.java:48) ~[authlib-3.16.29.jar:?]
	at com.mojang.authlib.yggdrasil.YggdrasilUserApiService.fetchProperties(YggdrasilUserApiService.java:129) ~[authlib-3.16.29.jar:?]
	... 10 more
[00:10:19] [Render thread/INFO] (Minecraft) Setting user: IzukiKa
[00:10:19] [Render thread/INFO] (Indigo) [Indigo] Registering Indigo renderer!
[00:10:20] [Render thread/INFO] (Minecraft) Backend library: LWJGL version 3.3.1 SNAPSHOT
[00:10:21] [Render thread/INFO] (Minecraft) Narrator library for x64 successfully loaded
[00:10:21] [Render thread/INFO] (Minecraft) Reloading ResourceManager: vanilla, Fabric Mods (Fabric Object Builder API (v1), Fabric Recipe API (v1), Fabric Screen API (v1), Fabric API, Fabric Renderer API (v1), Fabric Block API (v1), Fabric Item API (v1), Fabric Data Generation API (v1), Fabric Rendering (v1), Fabric Renderer - Indigo, Fabric Client Tags, Fabric Resource Conditions API (v1), Fabric Content Registries (v0), Fabric Crash Report Info (v1), Fabric Resource Loader (v0), Fabric Dimensions API (v1), Fabric Item Group API (v1), Fabric Mining Level API (v1), Fabric Networking API (v1), Fabric Key Binding API (v1), Fabric Game Test API (v1), Fabric Models (v0), Fabric Message API (v1), Fabric Registry Sync (v0), Fabric Command API (v2), Fabric API Lookup API (v1), Fabric Game Rule API (v1), Buffet, Fabric Transfer API (v1), Fabric Lifecycle Events (v1), Fabric Rendering Data Attachment (v1), Fabric API Base, Fabric Transitive Access Wideners (v1), Fabric Particles (v1), Fabric BlockRenderLayer Registration (v1), Fabric Screen Handler API (v1), Fabric Biome API (v1), Fabric Loot API (v2), Fabric Convention Tags, Fabric Rendering Fluids (v1), Fabric Entity Events (v1), Fabric Events Interaction (v0), Fabric Sound API (v1), Fabric Loader)
[00:10:22] [Realms Notification Availability checker #1/INFO] (Minecraft) Could not authorize you against Realms server: Invalid session id
[00:10:23] [Worker-Main-15/WARN] (Minecraft) Missing textures in model buffet:sausage_roll#inventory:
    minecraft:textures/atlas/blocks.png:buffet:item/sausage_roll
[00:10:23] [Render thread/WARN] (Minecraft) Missing sound for event: minecraft:item.goat_horn.play
[00:10:23] [Render thread/WARN] (Minecraft) Missing sound for event: minecraft:entity.goat.screaming.horn_break
[00:10:23] [Render thread/INFO] (Minecraft) OpenAL initialized on device OpenAL Soft on Speakers (High Definition Audio Device)
[00:10:23] [Render thread/INFO] (Minecraft) Sound engine started
[00:10:23] [Render thread/INFO] (Minecraft) Created: 1024x1024x4 minecraft:textures/atlas/blocks.png-atlas
[00:10:23] [Render thread/INFO] (Minecraft) Created: 512x256x4 minecraft:textures/atlas/signs.png-atlas
[00:10:23] [Render thread/INFO] (Minecraft) Created: 1024x512x4 minecraft:textures/atlas/shield_patterns.png-atlas
[00:10:23] [Render thread/INFO] (Minecraft) Created: 1024x512x4 minecraft:textures/atlas/banner_patterns.png-atlas
[00:10:23] [Render thread/INFO] (Minecraft) Created: 256x256x4 minecraft:textures/atlas/chest.png-atlas
[00:10:23] [Render thread/INFO] (Minecraft) Created: 512x256x4 minecraft:textures/atlas/beds.png-atlas
[00:10:23] [Render thread/INFO] (Minecraft) Created: 512x256x4 minecraft:textures/atlas/shulker_boxes.png-atlas
[00:10:24] [Render thread/WARN] (Minecraft) Shader rendertype_entity_translucent_emissive could not find sampler named Sampler2 in the specified shader program.
[00:10:24] [Render thread/INFO] (Minecraft) Created: 512x256x0 minecraft:textures/atlas/particles.png-atlas
[00:10:24] [Render thread/INFO] (Minecraft) Created: 256x256x0 minecraft:textures/atlas/paintings.png-atlas
[00:10:24] [Render thread/INFO] (Minecraft) Created: 256x128x0 minecraft:textures/atlas/mob_effects.png-atlas
[00:10:33] [Worker-Bootstrap-1/INFO] (Minecraft) 4445 Datafixer optimizations took 18243 milliseconds
[00:10:37] [Render thread/INFO] (Minecraft) Loaded 7 recipes
[00:10:37] [Render thread/INFO] (Minecraft) Loaded 1179 advancements
[00:10:38] [Render thread/INFO] (BiomeModificationImpl) Applied 0 biome modifications to 0 of 63 new biomes in 1.397 ms
[00:10:38] [Server thread/INFO] (Minecraft) Starting integrated minecraft server version 1.19.3
[00:10:38] [Server thread/INFO] (Minecraft) Generating keypair
[00:10:38] [Server thread/INFO] (Minecraft) Preparing start region for dimension minecraft:overworld
[00:10:39] [Render thread/INFO] (Minecraft) Preparing spawn area: 0%
[00:10:39] [Render thread/INFO] (Minecraft) Preparing spawn area: 0%
[00:10:39] [Render thread/INFO] (Minecraft) Preparing spawn area: 0%
[00:10:39] [Render thread/INFO] (Minecraft) Preparing spawn area: 49%
[00:10:40] [Render thread/INFO] (Minecraft) Time elapsed: 1687 ms
[00:10:40] [Server thread/INFO] (Minecraft) Changing view distance to 12, from 10
[00:10:40] [Server thread/INFO] (Minecraft) Changing simulation distance to 12, from 0
[00:10:40] [Server thread/INFO] (Minecraft) IzukiKa[local:E:f958f728] logged in with entity id 1 at (-3.759833850277525, 52.0, -3.1413748882273165)
[00:10:40] [Server thread/INFO] (Minecraft) IzukiKa joined the game
[00:10:41] [Render thread/INFO] (Minecraft) Loaded 17 advancements
[00:11:17] [Server thread/INFO] (Minecraft) Saving and pausing game...
[00:11:17] [Server thread/INFO] (Minecraft) Saving chunks for level 'ServerLevel[Dev World 1]'/minecraft:overworld
[00:11:17] [Server thread/INFO] (Minecraft) Saving chunks for level 'ServerLevel[Dev World 1]'/minecraft:the_nether
[00:11:17] [Server thread/INFO] (Minecraft) Saving chunks for level 'ServerLevel[Dev World 1]'/minecraft:the_end
[00:11:18] [Render thread/INFO] (Minecraft) Stopping!
[00:11:18] [Server thread/INFO] (Minecraft) IzukiKa lost connection: Disconnected
[00:11:18] [Server thread/INFO] (Minecraft) IzukiKa left the game
[00:11:18] [Server thread/INFO] (Minecraft) Stopping singleplayer server as player logged out
[00:11:18] [Server thread/INFO] (Minecraft) Stopping server
[00:11:18] [Server thread/INFO] (Minecraft) Saving players
[00:11:18] [Server thread/INFO] (Minecraft) Saving worlds
[00:11:19] [Server thread/INFO] (Minecraft) Saving chunks for level 'ServerLevel[Dev World 1]'/minecraft:overworld
[00:11:19] [Server thread/INFO] (Minecraft) Saving chunks for level 'ServerLevel[Dev World 1]'/minecraft:the_nether
[00:11:19] [Server thread/INFO] (Minecraft) Saving chunks for level 'ServerLevel[Dev World 1]'/minecraft:the_end
[00:11:19] [Server thread/INFO] (Minecraft) ThreadedAnvilChunkStorage (Dev World 1): All chunks are saved
[00:11:19] [Server thread/INFO] (Minecraft) ThreadedAnvilChunkStorage (DIM-1): All chunks are saved
[00:11:19] [Server thread/INFO] (Minecraft) ThreadedAnvilChunkStorage (DIM1): All chunks are saved
[00:11:19] [Server thread/INFO] (Minecraft) ThreadedAnvilChunkStorage: All dimensions are saved
